<?xml version="1.0" encoding="UTF-8"?>
<!-- Generated by org.testng.reporters.JUnitXMLReporter -->
<testsuite hostname="saroj-desk" ignored="0" name="Test002" tests="4" failures="0" timestamp="2020-06-11T21:05:43 IST" time="52.48" errors="0">
  <testcase name="homePageNavigationBar" time="0.147" classname="SarojTestPkg.SarojMavenLiveProject.HomePageValidation"/>
  <testcase name="homePageNavigationBarCount" time="0.819" classname="SarojTestPkg.SarojMavenLiveProject.HomePageValidation"/>
  <testcase name="homePageText" time="0.486" classname="SarojTestPkg.SarojMavenLiveProject.HomePageValidation"/>
  <testcase name="courseNavigationTab" time="5.547" classname="SarojTestPkg.SarojMavenLiveProject.CoursesTab"/>
</testsuite> <!-- Test002 -->
