<?xml version="1.0" encoding="UTF-8"?>
<!-- Generated by org.testng.reporters.JUnitXMLReporter -->
<testsuite hostname="saroj-desk" ignored="0" name="Test003" tests="10" failures="0" timestamp="2020-06-11T21:05:54 IST" time="64.334" errors="0">
  <testcase name="homePageNavigationBar" time="0.147" classname="SarojTestPkg.SarojMavenLiveProject.HomePageValidation"/>
  <testcase name="homePageNavigationBarCount" time="0.819" classname="SarojTestPkg.SarojMavenLiveProject.HomePageValidation"/>
  <testcase name="homePageText" time="0.486" classname="SarojTestPkg.SarojMavenLiveProject.HomePageValidation"/>
  <testcase name="courseNavigationTab" time="5.547" classname="SarojTestPkg.SarojMavenLiveProject.CoursesTab"/>
  <testcase name="allCoursesCount" time="7.274" classname="SarojTestPkg.SarojMavenLiveProject.CoursesTab"/>
  <testcase name="searchCourse" time="2.076" classname="SarojTestPkg.SarojMavenLiveProject.CoursesTab"/>
  <testcase name="logIn" time="11.28" classname="SarojTestPkg.SarojMavenLiveProject.LoginPage"/>
  <testcase name="loginInformatioin" time="1.903" classname="SarojTestPkg.SarojMavenLiveProject.LoginPage"/>
  <testcase name="loginInformatioin" time="0.604" classname="SarojTestPkg.SarojMavenLiveProject.LoginPage"/>
  <testcase name="loginForgotPassword" time="0.138" classname="SarojTestPkg.SarojMavenLiveProject.LoginPage"/>
</testsuite> <!-- Test003 -->
