<?xml version="1.0" encoding="UTF-8"?>
<testsuite xmlns:xsi="http://www.w3.org/2001/XMLSchema-instance" xsi:noNamespaceSchemaLocation="https://maven.apache.org/surefire/maven-surefire-plugin/xsd/surefire-test-report-3.0.xsd" version="3.0" name="CucumberOptions.TestRunner" time="99.103" tests="2" errors="0" skipped="0" failures="0">
  <properties>
[...]
</properties>
  <testcase name="Search for item and place order" classname="search and place order the product from GreenKart" time="60.203">
    <system-out><![CDATA[
@SmokeTest
Scenario Outline: Search for item and place order                      # src/test/java/Features/greenKart.feature:19
  Given User in on GreenKart landing page                              # StepDefination.MyStepDefinitions.user_in_on_greenkart_landing_page()
  When User search for Brinjal vegitable                               # StepDefination.MyStepDefinitions.user_search_for_vegitable(java.lang.String)
  And Add items to kart                                                # StepDefination.MyStepDefinitions.add_items_to_kart()
  And User proceed to check out for purchase                           # StepDefination.MyStepDefinitions.user_proceed_to_check_out_for_purchase()
Brinjal - 1 Kg
  Then Verify selected Brinjal items are displayed in check out screen # StepDefination.stepDefination.verify_selected_items_are_displayed_in_check_out_screen(java.lang.String)
]]></system-out>
    <system-err><![CDATA[Jul 06, 2020 9:37:55 PM io.cucumber.core.options.CucumberPropertiesParser parse
WARNING: Passing commandline options via the property `cucumber.options` has been deprecatedin favour of explicitly using property names.
Please use these instead: [cucumber.ansi-colors.disabled, cucumber.execution.dry-run, cucumber.execution.limit, cucumber.execution.order, cucumber.execution.strict, cucumber.execution.wip, cucumber.features, cucumber.filter.name, cucumber.filter.tags, cucumber.glue, cucumber.object-factory, cucumber.plugin, cucumber.snippet-type]
Starting ChromeDriver 83.0.4103.39 (ccbf011cb2d2b19b506d844400483861342c20cd-refs/branch-heads/4103@{#416}) on port 12095
Only local connections are allowed.
Please see https://chromedriver.chromium.org/security-considerations for suggestions on keeping ChromeDriver safe.
ChromeDriver was started successfully.
Jul 06, 2020 9:38:25 PM org.openqa.selenium.remote.ProtocolHandshake createSession
INFO: Detected dialect: W3C
]]></system-err>
  </testcase>
  <testcase name="Search for item and place order" classname="search and place order the product from GreenKart" time="37.442">
    <system-out><![CDATA[
@SmokeTest
Scenario Outline: Search for item and place order                       # src/test/java/Features/greenKart.feature:20
  Given User in on GreenKart landing page                               # StepDefination.MyStepDefinitions.user_in_on_greenkart_landing_page()
  When User search for Brocolli vegitable                               # StepDefination.MyStepDefinitions.user_search_for_vegitable(java.lang.String)
  And Add items to kart                                                 # StepDefination.MyStepDefinitions.add_items_to_kart()
  And User proceed to check out for purchase                            # StepDefination.MyStepDefinitions.user_proceed_to_check_out_for_purchase()
Brocolli - 1 Kg
  Then Verify selected Brocolli items are displayed in check out screen # StepDefination.stepDefination.verify_selected_items_are_displayed_in_check_out_screen(java.lang.String)
]]></system-out>
    <system-err><![CDATA[Starting ChromeDriver 83.0.4103.39 (ccbf011cb2d2b19b506d844400483861342c20cd-refs/branch-heads/4103@{#416}) on port 47037
Only local connections are allowed.
Please see https://chromedriver.chromium.org/security-considerations for suggestions on keeping ChromeDriver safe.
ChromeDriver was started successfully.
Jul 06, 2020 9:39:10 PM org.openqa.selenium.remote.ProtocolHandshake createSession
INFO: Detected dialect: W3C
]]></system-err>
  </testcase>
</testsuite>