<?xml version="1.0" encoding="UTF-8"?>
<testng-results skipped="0" failed="0" ignored="0" total="10" passed="10">
  <reporter-output>
  </reporter-output>
  <suite name="Suite" duration-ms="62307" started-at="2020-06-11T15:27:37Z" finished-at="2020-06-11T15:28:39Z">
    <groups>
    </groups>
    <test name="Test002" duration-ms="45616" started-at="2020-06-11T15:27:37Z" finished-at="2020-06-11T15:28:23Z">
      <class name="SarojTestPkg.SarojMavenLiveProject.HomePageValidation">
        <test-method status="PASS" signature="preConditions()[pri:0, instance:SarojTestPkg.SarojMavenLiveProject.HomePageValidation@24269709]" name="preConditions" is-config="true" duration-ms="40769" started-at="2020-06-11T20:57:37Z" finished-at="2020-06-11T20:58:18Z">
          <reporter-output>
          </reporter-output>
        </test-method> <!-- preConditions -->
        <test-method status="PASS" signature="homePageNavigationBar()[pri:0, instance:SarojTestPkg.SarojMavenLiveProject.HomePageValidation@24269709]" name="homePageNavigationBar" duration-ms="202" started-at="2020-06-11T20:58:18Z" finished-at="2020-06-11T20:58:18Z">
          <reporter-output>
          </reporter-output>
        </test-method> <!-- homePageNavigationBar -->
        <test-method status="PASS" signature="homePageNavigationBarCount()[pri:0, instance:SarojTestPkg.SarojMavenLiveProject.HomePageValidation@24269709]" name="homePageNavigationBarCount" duration-ms="625" started-at="2020-06-11T20:58:18Z" finished-at="2020-06-11T20:58:19Z">
          <reporter-output>
          </reporter-output>
        </test-method> <!-- homePageNavigationBarCount -->
        <test-method status="PASS" signature="homePageText()[pri:0, instance:SarojTestPkg.SarojMavenLiveProject.HomePageValidation@24269709]" name="homePageText" duration-ms="151" started-at="2020-06-11T20:58:19Z" finished-at="2020-06-11T20:58:19Z">
          <reporter-output>
          </reporter-output>
        </test-method> <!-- homePageText -->
        <test-method status="PASS" signature="tearDownOpenBrowsers()[pri:0, instance:SarojTestPkg.SarojMavenLiveProject.HomePageValidation@24269709]" name="tearDownOpenBrowsers" is-config="true" duration-ms="3734" started-at="2020-06-11T20:58:19Z" finished-at="2020-06-11T20:58:23Z">
          <reporter-output>
          </reporter-output>
        </test-method> <!-- tearDownOpenBrowsers -->
      </class> <!-- SarojTestPkg.SarojMavenLiveProject.HomePageValidation -->
    </test> <!-- Test002 -->
    <test name="Test001" duration-ms="59238" started-at="2020-06-11T15:27:37Z" finished-at="2020-06-11T15:28:36Z">
      <class name="SarojTestPkg.SarojMavenLiveProject.CoursesTab">
        <test-method status="PASS" signature="preConditions()[pri:0, instance:SarojTestPkg.SarojMavenLiveProject.CoursesTab@62ddbd7e]" name="preConditions" is-config="true" duration-ms="40743" started-at="2020-06-11T20:57:37Z" finished-at="2020-06-11T20:58:18Z">
          <reporter-output>
          </reporter-output>
        </test-method> <!-- preConditions -->
        <test-method status="PASS" signature="courseNavigationTab()[pri:1, instance:SarojTestPkg.SarojMavenLiveProject.CoursesTab@62ddbd7e]" name="courseNavigationTab" duration-ms="8044" started-at="2020-06-11T20:58:18Z" finished-at="2020-06-11T20:58:26Z">
          <reporter-output>
          </reporter-output>
        </test-method> <!-- courseNavigationTab -->
        <test-method status="PASS" signature="allCoursesCount()[pri:2, instance:SarojTestPkg.SarojMavenLiveProject.CoursesTab@62ddbd7e]" name="allCoursesCount" duration-ms="6879" started-at="2020-06-11T20:58:26Z" finished-at="2020-06-11T20:58:33Z">
          <reporter-output>
          </reporter-output>
        </test-method> <!-- allCoursesCount -->
        <test-method status="PASS" signature="searchCourse()[pri:3, instance:SarojTestPkg.SarojMavenLiveProject.CoursesTab@62ddbd7e]" name="searchCourse" duration-ms="1256" started-at="2020-06-11T20:58:33Z" finished-at="2020-06-11T20:58:34Z">
          <reporter-output>
          </reporter-output>
        </test-method> <!-- searchCourse -->
        <test-method status="PASS" signature="tearDownOpenBrowsers()[pri:0, instance:SarojTestPkg.SarojMavenLiveProject.CoursesTab@62ddbd7e]" name="tearDownOpenBrowsers" is-config="true" duration-ms="2225" started-at="2020-06-11T20:58:34Z" finished-at="2020-06-11T20:58:36Z">
          <reporter-output>
          </reporter-output>
        </test-method> <!-- tearDownOpenBrowsers -->
      </class> <!-- SarojTestPkg.SarojMavenLiveProject.CoursesTab -->
    </test> <!-- Test001 -->
    <test name="Test003" duration-ms="62306" started-at="2020-06-11T15:27:37Z" finished-at="2020-06-11T15:28:39Z">
      <class name="SarojTestPkg.SarojMavenLiveProject.LoginPage">
        <test-method status="PASS" signature="preConditions()[pri:0, instance:SarojTestPkg.SarojMavenLiveProject.LoginPage@1ff4931d]" name="preConditions" is-config="true" duration-ms="44231" started-at="2020-06-11T20:57:37Z" finished-at="2020-06-11T20:58:21Z">
          <reporter-output>
          </reporter-output>
        </test-method> <!-- preConditions -->
        <test-method status="PASS" signature="logIn()[pri:1, instance:SarojTestPkg.SarojMavenLiveProject.LoginPage@1ff4931d]" name="logIn" duration-ms="14280" started-at="2020-06-11T20:58:21Z" finished-at="2020-06-11T20:58:36Z">
          <reporter-output>
          </reporter-output>
        </test-method> <!-- logIn -->
        <test-method status="PASS" signature="loginInformatioin(java.lang.String, java.lang.String)[pri:2, instance:SarojTestPkg.SarojMavenLiveProject.LoginPage@1ff4931d]" name="loginInformatioin" duration-ms="1874" started-at="2020-06-11T20:58:36Z" data-provider="getData" finished-at="2020-06-11T20:58:38Z">
          <params>
            <param index="0">
              <value>
                <![CDATA[UserName0001]]>
              </value>
            </param>
            <param index="1">
              <value>
                <![CDATA[Password0001]]>
              </value>
            </param>
          </params>
          <reporter-output>
          </reporter-output>
        </test-method> <!-- loginInformatioin -->
        <test-method status="PASS" signature="loginInformatioin(java.lang.String, java.lang.String)[pri:2, instance:SarojTestPkg.SarojMavenLiveProject.LoginPage@1ff4931d]" name="loginInformatioin" duration-ms="630" started-at="2020-06-11T20:58:38Z" data-provider="getData" finished-at="2020-06-11T20:58:38Z">
          <params>
            <param index="0">
              <value>
                <![CDATA[UserName0002]]>
              </value>
            </param>
            <param index="1">
              <value>
                <![CDATA[Password0002]]>
              </value>
            </param>
          </params>
          <reporter-output>
          </reporter-output>
        </test-method> <!-- loginInformatioin -->
        <test-method status="PASS" signature="loginForgotPassword()[pri:3, instance:SarojTestPkg.SarojMavenLiveProject.LoginPage@1ff4931d]" name="loginForgotPassword" duration-ms="78" started-at="2020-06-11T20:58:38Z" finished-at="2020-06-11T20:58:38Z">
          <reporter-output>
          </reporter-output>
        </test-method> <!-- loginForgotPassword -->
        <test-method status="PASS" signature="tearDownOpenBrowsers()[pri:0, instance:SarojTestPkg.SarojMavenLiveProject.LoginPage@1ff4931d]" name="tearDownOpenBrowsers" is-config="true" duration-ms="1173" started-at="2020-06-11T20:58:38Z" finished-at="2020-06-11T20:58:39Z">
          <reporter-output>
          </reporter-output>
        </test-method> <!-- tearDownOpenBrowsers -->
      </class> <!-- SarojTestPkg.SarojMavenLiveProject.LoginPage -->
    </test> <!-- Test003 -->
  </suite> <!-- Suite -->
</testng-results>
