<?xml version="1.0" encoding="UTF-8"?>
<!-- Generated by org.testng.reporters.JUnitXMLReporter -->
<testsuite hostname="saroj-desk" ignored="0" name="Default test" tests="3" failures="0" timestamp="11 Jun 2020 15:27:18 GMT" time="45.627" errors="0">
  <testcase name="courseNavigationTab" time="5.15" classname="SarojTestPkg.SarojMavenLiveProject.CoursesTab"/>
  <testcase name="allCoursesCount" time="9.333" classname="SarojTestPkg.SarojMavenLiveProject.CoursesTab"/>
  <testcase name="searchCourse" time="0.404" classname="SarojTestPkg.SarojMavenLiveProject.CoursesTab"/>
</testsuite> <!-- Default test -->
