<?xml version="1.0" encoding="UTF-8"?>
<!-- Generated by org.testng.reporters.JUnitXMLReporter -->
<testsuite hostname="saroj-desk" ignored="0" name="Test003" tests="4" failures="0" timestamp="11 Jun 2020 15:28:40 GMT" time="62.306" errors="0">
  <testcase name="logIn" time="14.28" classname="SarojTestPkg.SarojMavenLiveProject.LoginPage"/>
  <testcase name="loginInformatioin" time="1.874" classname="SarojTestPkg.SarojMavenLiveProject.LoginPage"/>
  <testcase name="loginInformatioin" time="0.63" classname="SarojTestPkg.SarojMavenLiveProject.LoginPage"/>
  <testcase name="loginForgotPassword" time="0.078" classname="SarojTestPkg.SarojMavenLiveProject.LoginPage"/>
</testsuite> <!-- Test003 -->
