<?xml version="1.0" encoding="UTF-8"?>
<!-- Generated by org.testng.reporters.JUnitXMLReporter -->
<testsuite hostname="saroj-desk" ignored="0" name="Test001" tests="3" failures="0" timestamp="11 Jun 2020 15:28:37 GMT" time="59.238" errors="0">
  <testcase name="courseNavigationTab" time="8.044" classname="SarojTestPkg.SarojMavenLiveProject.CoursesTab"/>
  <testcase name="allCoursesCount" time="6.879" classname="SarojTestPkg.SarojMavenLiveProject.CoursesTab"/>
  <testcase name="searchCourse" time="1.256" classname="SarojTestPkg.SarojMavenLiveProject.CoursesTab"/>
</testsuite> <!-- Test001 -->
