<?xml version="1.0" encoding="UTF-8"?>
<!-- Generated by org.testng.reporters.JUnitXMLReporter -->
<testsuite hostname="saroj-desk" ignored="0" name="Test" tests="10" failures="2" timestamp="25 May 2020 01:30:47 GMT" time="248.318" errors="0">
  <testcase name="courseNavigationTab" time="3.102" classname="SarojTestPkg.SarojMavenLiveProject.CoursesTab"/>
  <testcase name="homePageNavigationBar" time="0.07" classname="SarojTestPkg.SarojMavenLiveProject.HomePageValidation"/>
  <testcase name="homePageNavigationBarCount" time="0.648" classname="SarojTestPkg.SarojMavenLiveProject.HomePageValidation"/>
  <testcase name="homePageText" time="0.129" classname="SarojTestPkg.SarojMavenLiveProject.HomePageValidation"/>
  <testcase name="logIn" time="0.196" classname="SarojTestPkg.SarojMavenLiveProject.LoginPage">
    <failure type="junit.framework.AssertionFailedError" message="Login link is displaying">
      <![CDATA[junit.framework.AssertionFailedError: Login link is displaying
	at junit.framework.Assert.fail(Assert.java:47)
	at junit.framework.Assert.assertTrue(Assert.java:20)
	at junit.framework.Assert.assertFalse(Assert.java:34)
	at SarojTestPkg.SarojMavenLiveProject.LoginPage.logIn(LoginPage.java:40)
	at java.util.concurrent.FutureTask.run(Unknown Source)
	at java.util.concurrent.ThreadPoolExecutor.runWorker(Unknown Source)
	at java.util.concurrent.ThreadPoolExecutor$Worker.run(Unknown Source)
	at java.lang.Thread.run(Unknown Source)
... Removed 16 stack frames]]>
    </failure>
  </testcase> <!-- logIn -->
  <testcase name="loginForgotPassword" time="8.844" classname="SarojTestPkg.SarojMavenLiveProject.LoginPage">
    <failure type="junit.framework.AssertionFailedError">
      <![CDATA[junit.framework.AssertionFailedError
	at junit.framework.Assert.fail(Assert.java:47)
	at junit.framework.Assert.assertTrue(Assert.java:20)
	at junit.framework.Assert.assertFalse(Assert.java:34)
	at junit.framework.Assert.assertFalse(Assert.java:41)
	at SarojTestPkg.SarojMavenLiveProject.LoginPage.loginForgotPassword(LoginPage.java:56)
	at java.util.concurrent.FutureTask.run(Unknown Source)
	at java.util.concurrent.ThreadPoolExecutor.runWorker(Unknown Source)
	at java.util.concurrent.ThreadPoolExecutor$Worker.run(Unknown Source)
	at java.lang.Thread.run(Unknown Source)
... Removed 16 stack frames]]>
    </failure>
  </testcase> <!-- loginForgotPassword -->
  <testcase name="loginInformatioin" time="12.66" classname="SarojTestPkg.SarojMavenLiveProject.LoginPage"/>
  <testcase name="loginInformatioin" time="15.024" classname="SarojTestPkg.SarojMavenLiveProject.LoginPage"/>
  <testcase name="allCoursesCount" time="8.622" classname="SarojTestPkg.SarojMavenLiveProject.CoursesTab"/>
  <testcase name="searchCourse" time="0.589" classname="SarojTestPkg.SarojMavenLiveProject.CoursesTab"/>
</testsuite> <!-- Test -->
