<?xml version="1.0" encoding="UTF-8"?>
<!-- Generated by org.testng.reporters.JUnitXMLReporter -->
<testsuite hostname="saroj-desk" ignored="0" name="Test002" tests="3" failures="0" timestamp="11 Jun 2020 15:28:23 GMT" time="45.616" errors="0">
  <testcase name="homePageNavigationBar" time="0.202" classname="SarojTestPkg.SarojMavenLiveProject.HomePageValidation"/>
  <testcase name="homePageNavigationBarCount" time="0.625" classname="SarojTestPkg.SarojMavenLiveProject.HomePageValidation"/>
  <testcase name="homePageText" time="0.151" classname="SarojTestPkg.SarojMavenLiveProject.HomePageValidation"/>
</testsuite> <!-- Test002 -->
